2014/01/18 14:44:53 [error] [exception.CHttpException.404] exception 'CHttpException' with message 'Unable to resolve the request "gii".' in /Applications/XAMPP/xamppfiles/htdocs/yii/framework/web/CWebApplication.php:286
Stack trace:
#0 /Applications/XAMPP/xamppfiles/htdocs/yii/framework/web/CWebApplication.php(141): CWebApplication->runController('gii')
#1 /Applications/XAMPP/xamppfiles/htdocs/yii/framework/base/CApplication.php(180): CWebApplication->processRequest()
#2 /Applications/XAMPP/xamppfiles/htdocs/frolic-ent/index.php(13): CApplication->run()
#3 {main}
REQUEST_URI=/frolic-ent/index.php?r=gii
---
2014/01/18 14:46:30 [error] [exception.CDbException] exception 'CDbException' with message 'CDbConnection failed to open the DB connection: SQLSTATE[HY000] [1049] Unknown database 'frolic'' in /Applications/XAMPP/xamppfiles/htdocs/yii/framework/db/CDbConnection.php:382
Stack trace:
#0 /Applications/XAMPP/xamppfiles/htdocs/yii/framework/db/CDbConnection.php(330): CDbConnection->open()
#1 /Applications/XAMPP/xamppfiles/htdocs/yii/framework/db/CDbConnection.php(308): CDbConnection->setActive(true)
#2 /Applications/XAMPP/xamppfiles/htdocs/yii/framework/base/CModule.php(387): CDbConnection->init()
#3 /Applications/XAMPP/xamppfiles/htdocs/yii/framework/base/CModule.php(103): CModule->getComponent('db')
#4 /Applications/XAMPP/xamppfiles/htdocs/yii/framework/gii/generators/model/ModelCode.php(60): CModule->__get('db')
#5 /Applications/XAMPP/xamppfiles/htdocs/yii/framework/web/CFormModel.php(39): ModelCode->init()
#6 /Applications/XAMPP/xamppfiles/htdocs/yii/framework/gii/CCodeGenerator.php(153): CFormModel->__construct()
#7 /Applications/XAMPP/xamppfiles/htdocs/yii/framework/gii/CCodeGenerator.php(63): CCodeGenerator->prepare()
#8 /Applications/XAMPP/xamppfiles/htdocs/yii/framework/web/actions/CInlineAction.php(49): CCodeGenerator->actionIndex()
#9 /Applications/XAMPP/xamppfiles/htdocs/yii/framework/web/CController.php(308): CInlineAction->runWithParams(Array)
#10 /Applications/XAMPP/xamppfiles/htdocs/yii/framework/web/CController.php(286): CController->runAction(Object(CInlineAction))
#11 /Applications/XAMPP/xamppfiles/htdocs/yii/framework/web/CController.php(265): CController->runActionWithFilters(Object(CInlineAction), Array)
#12 /Applications/XAMPP/xamppfiles/htdocs/yii/framework/web/CWebApplication.php(282): CController->run('index')
#13 /Applications/XAMPP/xamppfiles/htdocs/yii/framework/web/CWebApplication.php(141): CWebApplication->runController('gii/model/index')
#14 /Applications/XAMPP/xamppfiles/htdocs/yii/framework/base/CApplication.php(180): CWebApplication->processRequest()
#15 /Applications/XAMPP/xamppfiles/htdocs/frolic-ent/index.php(13): CApplication->run()
#16 {main}
REQUEST_URI=/frolic-ent/index.php?r=gii/model/index
HTTP_REFERER=http://localhost/frolic-ent/index.php?r=gii/default/index
---
